0 info it worked if it ends with ok
1 verbose cli [ 'c:\\nodejs\\node.exe',
1 verbose cli   'c:\\nodejs\\node_modules\\npm\\bin\\npm-cli.js',
1 verbose cli   'start' ]
2 info using npm@4.1.2
3 info using node@v7.6.0
4 verbose run-script [ 'prestart', 'start', 'poststart' ]
5 info lifecycle t-lowdb@1.0.0~prestart: t-lowdb@1.0.0
6 silly lifecycle t-lowdb@1.0.0~prestart: no script for prestart, continuing
7 info lifecycle t-lowdb@1.0.0~start: t-lowdb@1.0.0
8 verbose lifecycle t-lowdb@1.0.0~start: unsafe-perm in lifecycle true
9 verbose lifecycle t-lowdb@1.0.0~start: PATH: C:\Users\nlethierry\AppData\Roaming\nvm\v7.6.0\node_modules\npm\bin\node-gyp-bin;C:\Disque D\web\cnmtq\node_modules\.bin;c:\Users\nlethierry\bin;.;C:\Program Files (x86)\Git\local\bin;C:\Program Files (x86)\Git\mingw\bin;C:\Program Files (x86)\Git\bin;c:\ConEmuPack.151006;c:\ConEmuPack.151006\ConEmu;c:\Program Files (x86)\Scripts\;c:\Program Files (x86)\;c:\Program Files\ImageMagick-6.9.2-Q16;c:\Ruby21\bin;c:\program files\graphicsmagick-1.3.18-q8;c:\Program Files (x86)\Intel\iCLS Client\;c:\Program Files\Intel\iCLS Client\;c:\Program Files (x86)\AMD APP\bin\x86_64;c:\Program Files (x86)\AMD APP\bin\x86;c:\Windows\system32;c:\Windows;c:\Windows\System32\Wbem;c:\Windows\System32\WindowsPowerShell\v1.0\;c:\Program Files (x86)\ATI Technologies\ATI.ACE\Core-Static;c:\Program Files\Intel\Intel(R) Management Engine Components\DAL;c:\Program Files\Intel\Intel(R) Management Engine Components\IPT;c:\Program Files (x86)\Intel\Intel(R) Management Engine Components\DAL;c:\Program Files (x86)\Intel\Intel(R) Management Engine Components\IPT;c:\Program Files (x86)\MySQL\MySQL Utilities 1.3.4\;c:\Program Files (x86)\QuickTime\QTSystem\;c:\Users\nlethierry\AppData\Roaming\nvm;c:\nodejs;c:\Program Files (x86)\EasyPHP-5.3.9\php\php.exe;C:\Program Files (x86)\Git\bin;c:\Program Files (x86)\Elm Platform\0.17\bin;c:\Program Files\MongoDB\Server\3.2\bin;c:\Program Files (x86)\Pandoc;c:\Program Files\PostgreSQL\9.6\bin;c:\Users\nlethierry\AppData\Roaming\nvm;c:\nodejs;c:\Windows\System32\chcp.com
10 verbose lifecycle t-lowdb@1.0.0~start: CWD: C:\Disque D\web\cnmtq
11 silly lifecycle t-lowdb@1.0.0~start: Args: [ '/d /s /c', 'node server.js' ]
12 silly lifecycle t-lowdb@1.0.0~start: Returned: code: 1  signal: null
13 info lifecycle t-lowdb@1.0.0~start: Failed to exec start script
14 verbose stack Error: t-lowdb@1.0.0 start: `node server.js`
14 verbose stack Exit status 1
14 verbose stack     at EventEmitter.<anonymous> (C:\Users\nlethierry\AppData\Roaming\nvm\v7.6.0\node_modules\npm\lib\utils\lifecycle.js:279:16)
14 verbose stack     at emitTwo (events.js:106:13)
14 verbose stack     at EventEmitter.emit (events.js:192:7)
14 verbose stack     at ChildProcess.<anonymous> (C:\Users\nlethierry\AppData\Roaming\nvm\v7.6.0\node_modules\npm\lib\utils\spawn.js:40:14)
14 verbose stack     at emitTwo (events.js:106:13)
14 verbose stack     at ChildProcess.emit (events.js:192:7)
14 verbose stack     at maybeClose (internal/child_process.js:890:16)
14 verbose stack     at Process.ChildProcess._handle.onexit (internal/child_process.js:226:5)
15 verbose pkgid t-lowdb@1.0.0
16 verbose cwd C:\Disque D\web\cnmtq
17 error Windows_NT 6.1.7601
18 error argv "c:\\nodejs\\node.exe" "c:\\nodejs\\node_modules\\npm\\bin\\npm-cli.js" "start"
19 error node v7.6.0
20 error npm  v4.1.2
21 error code ELIFECYCLE
22 error t-lowdb@1.0.0 start: `node server.js`
22 error Exit status 1
23 error Failed at the t-lowdb@1.0.0 start script 'node server.js'.
23 error Make sure you have the latest version of node.js and npm installed.
23 error If you do, this is most likely a problem with the t-lowdb package,
23 error not with npm itself.
23 error Tell the author that this fails on your system:
23 error     node server.js
23 error You can get information on how to open an issue for this project with:
23 error     npm bugs t-lowdb
23 error Or if that isn't available, you can get their info via:
23 error     npm owner ls t-lowdb
23 error There is likely additional logging output above.
24 verbose exit [ 1, true ]
